2025-08-05 06:08:28 INFO | Loaded 100 entries
2025-08-05 06:08:29 INFO | Starting key=instruct_casual
2025-08-05 06:09:42 INFO | Processed 10 | id=10 Δ=-0.0590
2025-08-05 06:10:52 INFO | Processed 20 | id=20 Δ=-0.1842
2025-08-05 06:12:21 INFO | Processed 30 | id=30 Δ=-0.0029
2025-08-05 06:13:22 INFO | Processed 40 | id=40 Δ=-0.0738
2025-08-05 06:14:42 INFO | Processed 50 | id=50 Δ=-0.0208
2025-08-05 06:15:43 INFO | Processed 60 | id=60 Δ=-0.0711
2025-08-05 06:16:43 INFO | Processed 70 | id=70 Δ=-0.0312
2025-08-05 06:18:06 INFO | Processed 80 | id=80 Δ=-0.1042
2025-08-05 06:19:33 INFO | Processed 90 | id=90 Δ=0.0558
2025-08-05 06:20:29 INFO | Processed 100 | id=100 Δ=0.0298
2025-08-05 06:20:29 INFO | Done. 100/100 successful
2025-08-05 06:20:29 INFO | Starting key=instruct_authoritative
2025-08-05 06:21:32 INFO | Processed 10 | id=10 Δ=-0.3027
2025-08-05 06:22:42 INFO | Processed 20 | id=20 Δ=-0.0734
2025-08-05 06:24:09 INFO | Processed 30 | id=30 Δ=-0.1633
2025-08-05 06:25:15 INFO | Processed 40 | id=40 Δ=-0.0381
2025-08-05 06:26:37 INFO | Processed 50 | id=50 Δ=-0.1585
2025-08-05 06:27:32 INFO | Processed 60 | id=60 Δ=-0.0326
2025-08-05 06:28:33 INFO | Processed 70 | id=70 Δ=-0.1319
2025-08-05 06:29:32 INFO | Processed 80 | id=80 Δ=-0.1281
2025-08-05 06:30:50 INFO | Processed 90 | id=90 Δ=-0.0567
2025-08-05 06:31:48 INFO | Processed 100 | id=100 Δ=-0.0445
2025-08-05 06:31:48 INFO | Done. 100/100 successful
2025-08-05 06:31:48 INFO | Starting key=instruct_typo_swap
2025-08-05 06:33:09 INFO | Processed 10 | id=10 Δ=0.0038
2025-08-05 06:34:23 INFO | Processed 20 | id=20 Δ=-0.0184
2025-08-05 06:35:38 INFO | Processed 30 | id=30 Δ=-0.0105
2025-08-05 06:36:49 INFO | Processed 40 | id=40 Δ=-0.0336
2025-08-05 06:38:03 INFO | Processed 50 | id=50 Δ=0.0111
2025-08-05 06:38:56 INFO | Processed 60 | id=60 Δ=-0.0307
2025-08-05 06:39:59 INFO | Processed 70 | id=70 Δ=-0.0134
2025-08-05 06:41:07 INFO | Processed 80 | id=80 Δ=-0.0455
2025-08-05 06:42:18 INFO | Processed 90 | id=90 Δ=-0.0169
2025-08-05 06:43:20 INFO | Processed 100 | id=100 Δ=0.0086
2025-08-05 06:43:20 INFO | Done. 100/100 successful
2025-08-05 06:43:20 INFO | Starting key=instruct_random_caps
2025-08-05 06:44:42 INFO | Processed 10 | id=10 Δ=-0.1429
2025-08-05 06:45:46 INFO | Processed 20 | id=20 Δ=-0.0190
2025-08-05 06:47:00 INFO | Processed 30 | id=30 Δ=-0.0397
2025-08-05 06:48:06 INFO | Processed 40 | id=40 Δ=-0.0536
2025-08-05 06:49:41 INFO | Processed 50 | id=50 Δ=0.0383
2025-08-05 06:50:37 INFO | Processed 60 | id=60 Δ=-0.0416
2025-08-05 06:51:40 INFO | Processed 70 | id=70 Δ=-0.0641
2025-08-05 06:53:00 INFO | Processed 80 | id=80 Δ=-0.0729
2025-08-05 06:54:10 INFO | Processed 90 | id=90 Δ=-0.0311
2025-08-05 06:55:12 INFO | Processed 100 | id=100 Δ=-0.1746
2025-08-05 06:55:12 INFO | Done. 100/100 successful
2025-08-05 06:55:12 INFO | Starting key=instruct_british_english
2025-08-05 06:56:15 INFO | Processed 10 | id=10 Δ=-0.0692
2025-08-05 06:57:20 INFO | Processed 20 | id=20 Δ=-0.0131
2025-08-05 06:58:36 INFO | Processed 30 | id=30 Δ=-0.1013
2025-08-05 06:59:41 INFO | Processed 40 | id=40 Δ=-0.0156
2025-08-05 07:01:14 INFO | Processed 50 | id=50 Δ=0.0746
2025-08-05 07:02:06 INFO | Processed 60 | id=60 Δ=-0.0581
2025-08-05 07:03:16 INFO | Processed 70 | id=70 Δ=-0.0006
2025-08-05 07:04:22 INFO | Processed 80 | id=80 Δ=-0.1478
2025-08-05 07:05:48 INFO | Processed 90 | id=90 Δ=0.0128
2025-08-05 07:06:46 INFO | Processed 100 | id=100 Δ=0.0026
2025-08-05 07:06:47 INFO | Done. 100/100 successful
2025-08-05 07:06:47 INFO | Starting key=instruct_bullet_list
2025-08-05 07:08:01 INFO | Processed 10 | id=10 Δ=-0.3841
2025-08-05 07:09:08 INFO | Processed 20 | id=20 Δ=-0.0372
2025-08-05 07:10:19 INFO | Processed 30 | id=30 Δ=-0.0659
2025-08-05 07:11:31 INFO | Processed 40 | id=40 Δ=-0.0243
2025-08-05 07:12:58 INFO | Processed 50 | id=50 Δ=-0.1857
2025-08-05 07:14:04 INFO | Processed 60 | id=60 Δ=-0.1690
2025-08-05 07:15:08 INFO | Processed 70 | id=70 Δ=-0.0290
2025-08-05 07:16:24 INFO | Processed 80 | id=80 Δ=-0.0176
2025-08-05 07:17:24 INFO | Processed 90 | id=90 Δ=-0.0580
2025-08-05 07:18:28 INFO | Processed 100 | id=100 Δ=-0.0666
2025-08-05 07:18:28 INFO | Done. 100/100 successful
2025-08-05 07:18:28 INFO | Starting key=instruct_markdown_bold
2025-08-05 07:19:33 INFO | Processed 10 | id=10 Δ=-0.1465
2025-08-05 07:20:39 INFO | Processed 20 | id=20 Δ=-0.0258
2025-08-05 07:21:58 INFO | Processed 30 | id=30 Δ=-0.0133
2025-08-05 07:22:59 INFO | Processed 40 | id=40 Δ=-0.0100
2025-08-05 07:24:48 INFO | Processed 50 | id=50 Δ=-0.0379
2025-08-05 07:25:48 INFO | Processed 60 | id=60 Δ=0.0144
2025-08-05 07:27:03 INFO | Processed 70 | id=70 Δ=-0.0071
2025-08-05 07:28:22 INFO | Processed 80 | id=80 Δ=-0.0128
2025-08-05 07:29:39 INFO | Processed 90 | id=90 Δ=-0.0575
2025-08-05 07:30:46 INFO | Processed 100 | id=100 Δ=-0.0062
2025-08-05 07:30:46 INFO | Done. 100/100 successful
2025-08-05 07:30:46 INFO | Starting key=instruct_sms
2025-08-05 07:31:50 INFO | Processed 10 | id=10 Δ=-0.1558
2025-08-05 07:32:58 INFO | Processed 20 | id=20 Δ=-0.0972
2025-08-05 07:34:00 INFO | Processed 30 | id=30 Δ=-0.0725
2025-08-05 07:35:12 INFO | Processed 40 | id=40 Δ=-0.0382
2025-08-05 07:36:47 INFO | Processed 50 | id=50 Δ=-0.0182
2025-08-05 07:37:42 INFO | Processed 60 | id=60 Δ=-0.0470
2025-08-05 07:38:42 INFO | Processed 70 | id=70 Δ=-0.0208
2025-08-05 07:39:51 INFO | Processed 80 | id=80 Δ=-0.2068
2025-08-05 07:41:04 INFO | Processed 90 | id=90 Δ=-0.0949
2025-08-05 07:42:00 INFO | Processed 100 | id=100 Δ=-0.1307
2025-08-05 07:42:00 INFO | Done. 100/100 successful
2025-08-05 07:42:00 INFO | Starting key=instruct_cleft_it_is
2025-08-05 07:43:04 INFO | Processed 10 | id=10 Δ=-0.0415
2025-08-05 07:44:17 INFO | Processed 20 | id=20 Δ=-0.0635
2025-08-05 07:45:37 INFO | Processed 30 | id=30 Δ=-0.0106
2025-08-05 07:46:38 INFO | Processed 40 | id=40 Δ=-0.0303
2025-08-05 07:48:08 INFO | Processed 50 | id=50 Δ=-0.0630
2025-08-05 07:49:11 INFO | Processed 60 | id=60 Δ=-0.0192
2025-08-05 07:50:07 INFO | Processed 70 | id=70 Δ=-0.0084
2025-08-05 07:51:25 INFO | Processed 80 | id=80 Δ=-0.0030
2025-08-05 07:52:34 INFO | Processed 90 | id=90 Δ=-0.0472
2025-08-05 07:53:39 INFO | Processed 100 | id=100 Δ=0.0357
2025-08-05 07:53:39 INFO | Done. 100/100 successful
